{"E:\\AutoTestJs\\main.js": {"path":"E:\\AutoTestJs\\main.js","statementMap":{"0":{"start":{"line":2,"column":4},"end":{"line":2,"column":16}},"1":{"start":{"line":6,"column":4},"end":{"line":6,"column":16}},"2":{"start":{"line":10,"column":4},"end":{"line":10,"column":16}},"3":{"start":{"line":14,"column":4},"end":{"line":14,"column":16}}},"fnMap":{"0":{"name":"add","decl":{"start":{"line":1,"column":9},"end":{"line":1,"column":12}},"loc":{"start":{"line":1,"column":19},"end":{"line":3,"column":1}},"line":1},"1":{"name":"divi","decl":{"start":{"line":5,"column":9},"end":{"line":5,"column":13}},"loc":{"start":{"line":5,"column":20},"end":{"line":7,"column":1}},"line":5},"2":{"name":"multi","decl":{"start":{"line":9,"column":10},"end":{"line":9,"column":15}},"loc":{"start":{"line":9,"column":22},"end":{"line":11,"column":1}},"line":9},"3":{"name":"minus","decl":{"start":{"line":13,"column":10},"end":{"line":13,"column":15}},"loc":{"start":{"line":13,"column":22},"end":{"line":15,"column":1}},"line":13}},"branchMap":{},"s":{"0":1,"1":0,"2":1,"3":1},"f":{"0":1,"1":0,"2":1,"3":1},"b":{},"_coverageSchema":"43e27e138ebf9cfc5966b082cf9a028302ed4184","hash":"f3012d4ec89503770795869a91637ef1568ee909"}
}
